[0.014s] Invoking command in '/home/maryammahmood/own_urdf_control/build/gazebo_2_sim': CMAKE_PREFIX_PATH=${CMAKE_PREFIX_PATH}:/home/maryammahmood/ws_moveit2/install/moveit_configs_utils:/home/maryammahmood/ws_moveit2/install/launch_param_builder:/opt/ros/humble /usr/bin/cmake --build /home/maryammahmood/own_urdf_control/build/gazebo_2_sim -- -j24 -l24
[0.065s] [ 50%] [32mBuilding CXX object CMakeFiles/joint_publisher.dir/src/joint_publisher.cpp.o[0m
[0.189s] In file included from [01m[K/usr/include/kdl/jntarray.hpp:26[m[K,
[0.189s]                  from [01m[K/usr/include/kdl/chainfksolver.hpp:28[m[K,
[0.190s]                  from [01m[K/usr/include/kdl/chainfksolverpos_recursive.hpp:25[m[K,
[0.190s]                  from [01m[K/home/maryammahmood/own_urdf_control/gazebo_2_sim/src/joint_publisher.cpp:4[m[K:
[0.190s] [01m[K/usr/include/kdl/jacobian.hpp:26:10:[m[K [01;31m[Kfatal error: [m[KEigen/Core: No such file or directory
[0.190s]    26 | #include [01;31m[K<Eigen/Core>[m[K
[0.190s]       |          [01;31m[K^~~~~~~~~~~~[m[K
[0.191s] compilation terminated.
[0.191s] gmake[2]: *** [CMakeFiles/joint_publisher.dir/build.make:76: CMakeFiles/joint_publisher.dir/src/joint_publisher.cpp.o] Error 1
[0.191s] gmake[1]: *** [CMakeFiles/Makefile2:137: CMakeFiles/joint_publisher.dir/all] Error 2
[0.191s] gmake: *** [Makefile:146: all] Error 2
[0.198s] Invoked command in '/home/maryammahmood/own_urdf_control/build/gazebo_2_sim' returned '2': CMAKE_PREFIX_PATH=${CMAKE_PREFIX_PATH}:/home/maryammahmood/ws_moveit2/install/moveit_configs_utils:/home/maryammahmood/ws_moveit2/install/launch_param_builder:/opt/ros/humble /usr/bin/cmake --build /home/maryammahmood/own_urdf_control/build/gazebo_2_sim -- -j24 -l24
