[0.013s] Invoking command in '/home/maryammahmood/own_urdf_control/build/gazebo_2_sim': CMAKE_PREFIX_PATH=${CMAKE_PREFIX_PATH}:/home/maryammahmood/ws_moveit2/install/moveit_configs_utils:/home/maryammahmood/ws_moveit2/install/launch_param_builder:/opt/ros/humble /usr/bin/cmake --build /home/maryammahmood/own_urdf_control/build/gazebo_2_sim -- -j24 -l24
[0.072s] [ 50%] [32mBuilding CXX object CMakeFiles/joint_publisher.dir/src/joint_publisher.cpp.o[0m
[0.190s] [01m[K/home/maryammahmood/own_urdf_control/gazebo_2_sim/src/joint_publisher.cpp:4:10:[m[K [01;31m[Kfatal error: [m[K<kdl/chainfksolverpos_recursive.hpp>: No such file or directory
[0.190s]     4 | #include [01;31m[K"<kdl/chainfksolverpos_recursive.hpp>"[m[K
[0.190s]       |          [01;31m[K^~~~~~~~~~~~~~~~~~~~~~~~~~~~~~~~~~~~~~[m[K
[0.190s] compilation terminated.
[0.192s] gmake[2]: *** [CMakeFiles/joint_publisher.dir/build.make:76: CMakeFiles/joint_publisher.dir/src/joint_publisher.cpp.o] Error 1
[0.192s] gmake[1]: *** [CMakeFiles/Makefile2:137: CMakeFiles/joint_publisher.dir/all] Error 2
[0.192s] gmake: *** [Makefile:146: all] Error 2
[0.194s] Invoked command in '/home/maryammahmood/own_urdf_control/build/gazebo_2_sim' returned '2': CMAKE_PREFIX_PATH=${CMAKE_PREFIX_PATH}:/home/maryammahmood/ws_moveit2/install/moveit_configs_utils:/home/maryammahmood/ws_moveit2/install/launch_param_builder:/opt/ros/humble /usr/bin/cmake --build /home/maryammahmood/own_urdf_control/build/gazebo_2_sim -- -j24 -l24
